Connecting to database specified by database.yml
Compiled jquery.js  (7ms)  (pid 5180)
Compiled jquery_ujs.js  (1ms)  (pid 5180)
Compiled application.js  (83ms)  (pid 5180)
Compiled bootstrap-2.css  (3ms)  (pid 5180)
Compiled bootstrap-2.min.css  (2ms)  (pid 5180)
Compiled bootstrap-responsive.css  (1ms)  (pid 5180)
Compiled bootstrap-responsive.min.css  (1ms)  (pid 5180)
Compiled component.css  (2ms)  (pid 5180)
Compiled default.css  (1ms)  (pid 5180)
Compiled devise.css  (48ms)  (pid 5180)
Compiled home.css  (263ms)  (pid 5180)
Compiled jQuery.divPlaceholder.css  (1ms)  (pid 5180)
Compiled my_sessions.css  (5ms)  (pid 5180)
Compiled normalize.css  (1ms)  (pid 5180)
Compiled submissions.css  (29ms)  (pid 5180)
Compiled tipsy.css  (0ms)  (pid 5180)
Compiled application.css  (1038ms)  (pid 5180)
Connecting to database specified by database.yml
Compiled jquery.js  (5ms)  (pid 5180)
Compiled jquery_ujs.js  (1ms)  (pid 5180)
Compiled application.js  (47ms)  (pid 5180)
Compiled bootstrap-2.css  (2ms)  (pid 5180)
Compiled bootstrap-2.min.css  (1ms)  (pid 5180)
Compiled bootstrap-responsive.css  (1ms)  (pid 5180)
Compiled bootstrap-responsive.min.css  (0ms)  (pid 5180)
Compiled component.css  (1ms)  (pid 5180)
Compiled default.css  (1ms)  (pid 5180)
Compiled devise.css  (42ms)  (pid 5180)
Compiled home.css  (267ms)  (pid 5180)
Compiled jQuery.divPlaceholder.css  (0ms)  (pid 5180)
Compiled my_sessions.css  (3ms)  (pid 5180)
Compiled normalize.css  (1ms)  (pid 5180)
Compiled submissions.css  (20ms)  (pid 5180)
Compiled tipsy.css  (0ms)  (pid 5180)
Compiled application.css  (695ms)  (pid 5180)
Compiled jquery.js  (6ms)  (pid 7845)
Compiled jquery_ujs.js  (1ms)  (pid 7845)
Compiled application.js  (288ms)  (pid 7845)
Compiled bootstrap-2.css  (4ms)  (pid 7845)
Compiled bootstrap-2.min.css  (1ms)  (pid 7845)
Compiled bootstrap-responsive.css  (1ms)  (pid 7845)
Compiled bootstrap-responsive.min.css  (1ms)  (pid 7845)
Compiled component.css  (1ms)  (pid 7845)
Compiled default.css  (1ms)  (pid 7845)
Compiled devise.css  (44ms)  (pid 7845)
Compiled home.css  (274ms)  (pid 7845)
Compiled jQuery.divPlaceholder.css  (1ms)  (pid 7845)
Compiled my_sessions.css  (6ms)  (pid 7845)
Compiled normalize.css  (78ms)  (pid 7845)
Compiled submissions.css  (29ms)  (pid 7845)
Compiled tipsy.css  (1ms)  (pid 7845)
Compiled application.css  (4513ms)  (pid 7845)
Compiled jquery.js  (6ms)  (pid 7845)
Compiled jquery_ujs.js  (1ms)  (pid 7845)
Compiled application.js  (59ms)  (pid 7845)
Compiled bootstrap-2.css  (3ms)  (pid 7845)
Compiled bootstrap-2.min.css  (1ms)  (pid 7845)
Compiled bootstrap-responsive.css  (1ms)  (pid 7845)
Compiled bootstrap-responsive.min.css  (1ms)  (pid 7845)
Compiled component.css  (1ms)  (pid 7845)
Compiled default.css  (1ms)  (pid 7845)
Compiled devise.css  (47ms)  (pid 7845)
Compiled home.css  (271ms)  (pid 7845)
Compiled jQuery.divPlaceholder.css  (1ms)  (pid 7845)
Compiled my_sessions.css  (5ms)  (pid 7845)
Compiled normalize.css  (1ms)  (pid 7845)
Compiled submissions.css  (25ms)  (pid 7845)
Compiled tipsy.css  (1ms)  (pid 7845)
Compiled application.css  (1125ms)  (pid 7845)
Compiled jquery.js  (80ms)  (pid 9981)
Compiled jquery_ujs.js  (1ms)  (pid 9981)
Compiled application.js  (171ms)  (pid 9981)
Compiled bootstrap-2.css  (3ms)  (pid 9981)
Compiled bootstrap-2.min.css  (2ms)  (pid 9981)
Compiled bootstrap-responsive.css  (1ms)  (pid 9981)
Compiled bootstrap-responsive.min.css  (1ms)  (pid 9981)
Compiled bootstrap.css  (65ms)  (pid 9981)
Compiled bootstrap.min.css  (2ms)  (pid 9981)
Compiled component.css  (1ms)  (pid 9981)
Compiled default.css  (1ms)  (pid 9981)
Compiled devise.css  (48ms)  (pid 9981)
Compiled home.css  (282ms)  (pid 9981)
Compiled jQuery.divPlaceholder.css  (1ms)  (pid 9981)
Compiled my_sessions.css  (5ms)  (pid 9981)
Compiled normalize.css  (1ms)  (pid 9981)
Compiled submissions.css  (25ms)  (pid 9981)
Compiled tipsy.css  (0ms)  (pid 9981)
Compiled application.css  (1207ms)  (pid 9981)
Compiled jquery.js  (77ms)  (pid 9981)
Compiled jquery_ujs.js  (1ms)  (pid 9981)
Compiled application.js  (140ms)  (pid 9981)
Compiled bootstrap-2.css  (62ms)  (pid 9981)
Compiled bootstrap-2.min.css  (1ms)  (pid 9981)
Compiled bootstrap-responsive.css  (1ms)  (pid 9981)
Compiled bootstrap-responsive.min.css  (1ms)  (pid 9981)
Compiled bootstrap.css  (1ms)  (pid 9981)
Compiled bootstrap.min.css  (1ms)  (pid 9981)
Compiled component.css  (1ms)  (pid 9981)
Compiled default.css  (0ms)  (pid 9981)
Compiled devise.css  (43ms)  (pid 9981)
Compiled home.css  (266ms)  (pid 9981)
Compiled jQuery.divPlaceholder.css  (0ms)  (pid 9981)
Compiled my_sessions.css  (3ms)  (pid 9981)
Compiled normalize.css  (0ms)  (pid 9981)
Compiled submissions.css  (19ms)  (pid 9981)
Compiled tipsy.css  (0ms)  (pid 9981)
Compiled application.css  (716ms)  (pid 9981)
Compiled jquery.js  (77ms)  (pid 4430)
Compiled jquery_ujs.js  (1ms)  (pid 4430)
Compiled application.js  (201ms)  (pid 4430)
Compiled bootstrap-2.css  (3ms)  (pid 4430)
Compiled bootstrap-2.min.css  (1ms)  (pid 4430)
Compiled bootstrap-responsive.css  (1ms)  (pid 4430)
Compiled bootstrap-responsive.min.css  (1ms)  (pid 4430)
Compiled bootstrap.css  (65ms)  (pid 4430)
Compiled bootstrap.min.css  (2ms)  (pid 4430)
Compiled component.css  (2ms)  (pid 4430)
Compiled default.css  (1ms)  (pid 4430)
Compiled devise.css  (48ms)  (pid 4430)
Compiled home.css  (271ms)  (pid 4430)
Compiled jQuery.divPlaceholder.css  (1ms)  (pid 4430)
Compiled my_sessions.css  (4ms)  (pid 4430)
Compiled normalize.css  (1ms)  (pid 4430)
Compiled submissions.css  (27ms)  (pid 4430)
Compiled tipsy.css  (1ms)  (pid 4430)
Compiled application.css  (1150ms)  (pid 4430)
Compiled jquery.js  (82ms)  (pid 4430)
Compiled jquery_ujs.js  (1ms)  (pid 4430)
Compiled application.js  (122ms)  (pid 4430)
Compiled bootstrap-2.css  (2ms)  (pid 4430)
Compiled bootstrap-2.min.css  (1ms)  (pid 4430)
Compiled bootstrap-responsive.css  (1ms)  (pid 4430)
Compiled bootstrap-responsive.min.css  (1ms)  (pid 4430)
Compiled bootstrap.css  (1ms)  (pid 4430)
Compiled bootstrap.min.css  (67ms)  (pid 4430)
Compiled component.css  (1ms)  (pid 4430)
Compiled default.css  (1ms)  (pid 4430)
Compiled devise.css  (71ms)  (pid 4430)
Compiled home.css  (311ms)  (pid 4430)
Compiled jQuery.divPlaceholder.css  (1ms)  (pid 4430)
Compiled my_sessions.css  (3ms)  (pid 4430)
Compiled normalize.css  (0ms)  (pid 4430)
Compiled submissions.css  (20ms)  (pid 4430)
Compiled tipsy.css  (1ms)  (pid 4430)
Compiled application.css  (918ms)  (pid 4430)
